#>>> 2022-03-25 19:22:50
1 START 1648232579 c6231810b75c97923821d37adbeae53d20aed054
1 CHECK_OK 1648232619 9681ca4011aafffe93d7f847e07f15f3621e3c13
2 START 1648232619 344dadb90dde638c2ac31495dc34d73276f8e334
2 CHECK_OK 1648233035 cddcaa05a137a191c6394f10489cb51da4b5bb68
3 START 1648233036 81eb26d35a064a20dacb13583af9837b4e70565e
3 CHECK_OK 1648233066 5212edf11114f8bca68c59e9a72c2a50d6807d6d
4 START 1648233066 23a1798b528e0156ffccf32696f6ca62577348ec
4 CHECK_OK 1648233106 289f9b4033d696500ac05002d5c67854dd69f0dc
5 START 1648233106 2f09174424f95df8224d4d92297f07605bf9d3ed
5 CHECK_OK 1648233335 c6ee58fd7b95e274dbfe32a0085f50eda7e44cd3
6 START 1648233335 cdc89dcad0d966e104faee3aaf734c03e8292147
6 CHECK_OK 1648233364 d43ec558f63e924ccc4d577d27c9dcfcba3524cc
7 START 1648233364 3186fe75bd79a4ef257c984590d36a35eb2f84b8
7 CHECK_OK 1648233424 abddf78f264e217c0c768b010a222be7c24c5556
8 START 1648233425 e8ffd1245925d7ffcf1f07f7e7f5d425d9e9a431
8 CHECK_OK 1648233450 a86d6af50174e29c93fbc9a12ea3a058c7dd9e3e
9 START 1648233450 dd6d87e502e41519706112702dd383593ec238b3
9 CHECK_OK 1648233459 08e4ef0219303851c240841098367449bad8ae1c
10 START 1648233459 bb4e08c2b418fb88bbb23340b7c5a13550b1bb73
10 EXIT 1648233463 16bf78af07cec40bf01fbccf1c34dbe6dd4790b5
#>>> 2022-03-25 19:37:49
10 START 1648233469 0e01fc7134f6232ad8298da3b3de7e9765993030
10 EXIT 1648233473 9421dadc4bb4912e51d16710cf544843d18deef2
#>>> 2022-03-25 19:38:15
10 START 1648233495 78175c3fe60aa8bbf3824bc4a48c17a5b2c0de35
10 EXIT 1648233499 262d187010f957d3a4ef5b8d8ce1578d2c4780ed
#>>> 2022-03-25 20:28:48
10 START 1648236528 4ada652e4808854062b61d6be1ec536cc87e1e0a
10 CHECK_OK 1648236635 d6cc483f87a02dcbcc201fa110e2aaa2c41a2faf
11 START 1648236635 54b83568ecc9bfb8fbeade9824f838a05b84682c
11 CHECK_OK 1648236703 1867026f0a741fa26ddf49eb820a2f3e8d48d8f6
12 START 1648236703 e5ea667885644f145d66f270be661658680ff49f
12 CHECK_OK 1648236820 38133e2de4fb25c87b93d62f421d0737cd9c118d
13 START 1648236820 7db3cb2f35b2014cf9b052d591b21d321f4b9ada
13 CHECK_OK 1648237030 9c21291f38fc80f89f8cef0888dee369a691ee3b
14 START 1648237030 a55d8a80e3f074a73abcc29f583e75c20c8998d2
14 CHECK_OK 1648237251 9b986e96c55154040d7948b1384fd38589b0c6c4
15 START 1648237251 2e631af159e32a0912893850ec6574eec119f0ec
15 CHECK_OK 1648237342 6419b8f646ff23c35a9ae0641053598e699bf694
16 START 1648237342 7ccff49cffcf09e28ecebf6820f350ddef30b226
16 CHECK_OK 1648237563 9da12ec040df7b9434f568c463e8272b7e075dda
17 START 1648237563 4aa78d024f0398f834ec564ec73c53a954d339b5
17 CHECK_OOPS 1648237670 a86562bb82e7a4f9812ed83a2ec3eccd58b75104
17 START 1648237670 c74c95b264b3c1d86b75188a09de0c2802753cab
17 CHECK_OOPS 1648237675 62e8bf7a44477ce7aa46bcd6dea51690ec737c82
17 START 1648237675 29a06a01b7fc95c67120dc3daba0c6c20777051c
17 START 1648237710 80db07242d0a7265ff88bd48bce31d51561714c5
17 CHECK_OOPS 1648237764 10f4e1693d4e39313596d451f0bb3b2ca0ed5e30
17 START 1648237764 7ef5dee29aa33af140a2aa85769d70d756a2004a
17 START 1648237799 a57a23b1314a3e7da0b7d5979af540e2d259ce01
17 CHECK_OOPS 1648237833 94d414b7debcb8c2bb8edd64282c3a2c98a781a9
17 START 1648237834 2f17a4573f1f945bf9c8d4b4e36c0eff4485504d
17 START 1648237841 cd36d013da66fc8f94e8401bf7f994057ed13e0f
17 CHECK_OOPS 1648237862 d8260a7cbadcc9ac734d2b556b98586c7cd52668
17 START 1648237863 3db89732c178b59f98d4becb05e68ad938ec5fb1
17 START 1648237930 4209b6241d5398e8e5fcbd41cff27a943cb9042d
17 START 1648237959 a722afce44dbe8f09550ee23311335d8da055da2
17 CHECK_OK 1648237977 634d772fd368812887cdcd0f7b039cfd0f97b1e8
18 START 1648237977 c1e9ab12c96c5457755a976c507b5bb9dec1fb01
18 EXIT 1648237982 49e4d33ae82628a61255308fbbcf44245cbfdcf0
#>>> 2022-03-25 22:09:17
18 START 1648242557 2ada9f58ce48401f865e75c74bae58e0f1487462
18 CHECK_OK 1648242675 94cad1736b1415c5c6304db674d02bab4244333f
19 START 1648242676 cb5af5611058e2497cb5abd33e2f32d8fa4dfc38
19 CHECK_OK 1648242902 b79fa02f30159aacb8969be094641da749a58a9c
20 START 1648242902 32a278925ef13c08642a6c2010d44baa86c4a3ec
20 CHECK_OK 1648243096 ca5ee38703096dd73095542d501bb28fdebb8216
21 START 1648243096 03b2813bea6f7056be1c483416245309e71dc7c9
21 HUP 1648243834 29a4394df5bd519f4de8fd2986bf3def3fdb78ac
#>>> 2022-03-25 22:30:40
21 START 1648243841 89b0872e87c01d472302f1310beb3ac2ae028734
21 EXIT 1648273328 e05a7f116af195cd4940c3f79c78a71be48732fb
#>>> 2022-03-26 08:19:26
21 START 1648279167 ab6b089c2c63a64f4c9a2791ea13ffe1b957abb9
21 CHECK_OOPS 1648279331 ce77d8f85a920c133cf329dac58b9020a7cb6452
21 START 1648279332 b15ee0ea533dfbc6a98f5527ff12794b90746ab9
21 CHECK_OK 1648279405 a1e1e24ad75f76ade2013d14fa0295e1afbedf83
22 START 1648279405 d9e7ee680438b4312ad765bb17abc5c6b7be8770
22 CHECK_OOPS 1648279682 ae09d184dddeb7178583b52751dbc772a10e87cb
22 START 1648279683 ce66dd0be49f1e4ab6476ec385f58811a2f60d15
22 CHECK_OOPS 1648279709 a3f7b21cc5cbc1894cde46291893307fd66089a7
22 START 1648279709 1367b8dc1b76727f8b1f3d18362fea5625aea7ff
22 CHECK_OOPS 1648279778 fb074e7cdec4f5e0bb3c5b2af8e6659891bc149e
22 START 1648279779 fa15c7cc81acc0e2730d91c7fa6e953b3329b495
22 CHECK_OK 1648279798 739ae8ac635bb057d74351a001fab37156e9cd01
23 START 1648279798 d5d0403e14f5b4dd12875686cccfe089fbd566c9
23 CHECK_OOPS 1648281658 623f0c378bc86714780e1e176dea147c7c2939d0
23 START 1648281658 b435b33010c29dc55f35e059d9fa1c635558a26b
23 CHECK_OK 1648281671 dca09c5fa632e6b373100acfe44cca69e1f9e5b1
24 START 1648281671 6d5bb42c34d01cd50c2f2d216c235123bf7a9770
24 EXIT 1648288327 1958c29071aec1a6c3ed38d2c89d5bc77342baab
#>>> 2022-03-26 11:00:12
24 START 1648288813 ac09f7fa92fe3e8aebe3249c30c9a8d028d53d7a
24 CHECK_OOPS 1648288977 a5b368df48e76e163859d7cd868fee77c2a03c04
24 START 1648288977 16ecb2300be01a6b1a6feef4d69b33747b309c1b
24 CHECK_OK 1648289019 906deebcf6f2b2fe72200c87c73ef1afa23f43ee
25 START 1648289020 92e7726fce5feaa3ce916a41289be5c78a490078
25 CHECK_OK 1648289965 9c4369b9fd8d390079a79aa8b50e7f76d292b95f
26 START 1648289966 a5cff5cc428c33db8a99aced8bef84272162b2c2
26 CHECK_OK 1648290327 712ace383511b8a0cbe04da4047b5c073a67ba73
27 START 1648290327 93a2731874a16f0ef2da20755351345c18b567ad
27 EXIT 1648290343 cf2debd970eab59e639238932f22626522a5fdc8
#>>> 2022-03-26 11:25:50
27 START 1648290350 a83cf8d60fb212ed7b455cbca62edb540abe6a2d
27 CHECK_OK 1648290419 afdd06ff5476922c4509daf37163f6d32bc1269f
28 START 1648290419 21db35ad70dd7a10fe3f84cb04863b905be8d192
28 EXIT 1648290433 6f7202ef33a2f2eb011bba3427a00820fd4d9135
#>>> 2022-03-26 11:36:46
28 START 1648291006 15456efd131ec15e00445fa79d0cb8eb479e7adf
28 CHECK_OOPS 1648291090 ecce5052e4d43abdbf4169f48db9a10ea10d360c
28 START 1648291090 3e025bd1675dfddbd9046bc32797d8eee3b04580
28 EXIT 1648291195 6afc8094397c1e0f2f5693604d3ed70f81f4e137
#>>> 2022-03-26 11:40:02
28 START 1648291202 52c5475919cc9571e458b0ae0842e73980268b56
28 CHECK_OOPS 1648291297 3494ca16d7b246d70da0e5efb4887ef16d36c50f
28 START 1648291297 ad769a63f5f4f69fad40cf03c1be27b19db54239
28 EXIT 1648291381 536dfffe4122a4eb887ac8fbb3424fadc6cfb233
#>>> 2022-03-26 12:18:29
28 START 1648293512 b0a145f6597a8b4a634ce55d8ba7bf2fbdf8efac
28 CHECK_OOPS 1648293531 51c199568ebe0be11e4e4db67daddd91d3482570
28 START 1648293534 27cddb8c6126044aacb5c6c1961634e5ae7ca7c0
28 CHECK_OK 1648293626 9f23e4a1155969a8326668ea3f9543206f79cad5
29 START 1648293631 1a655cedc5ac956470da2250ae14090f2e078994
29 EXIT 1648293639 70209946f9f9fd1d4ea3aa6cf62ffb95ac4b2d66
#>>> 2022-03-26 12:35:06
29 START 1648294507 d57ef0f9e2797f11ccbcc998af99aadcb84ee55d
29 CHECK_OOPS 1648294638 504263ddcfaffc380d7813906afc75941c233bd9
29 START 1648294639 08b827b243564de3b6e6630285760b5f37ffaab2
29 CHECK_OOPS 1648294737 7cea875e1aa345bea5a4fc6973c00e71aa6d9524
29 START 1648294737 8d4020ef54afdf6011f9824497ef14c7ac6e5124
29 CHECK_OOPS 1648295030 7da9ea5b080f1015c96d6cb0a99add28870a80cc
29 START 1648295031 ab4fde916bbab80cc0e6ee2044bc73f3d3b65fa2
29 CHECK_OOPS 1648295501 9e4b24debf7d03c0343c09cec51104b62b8994ff
29 START 1648295501 2936a55ef6b0248254c9ba64d189fc218c065c0a
29 CHECK_OOPS 1648295560 a9834640f2a6ec194fed644ea180f508c9b4ade4
29 START 1648295561 dbb371bce9b4a608eb156354c2e8e5505e6008d8
29 CHECK_OK 1648295689 28fa2f6fe8fd9d44288780ac0084f74d15f4791e
30 START 1648295690 73fd879ef51a4ced9548c8b58bad9e953550a3bd
30 CHECK_OOPS 1648296062 4b222c3fee68a6d56cf0ed37d52c40a7717b3f86
30 START 1648296062 a936125aeab2c4498a3334bf61a6e369595206bb
30 CHECK_OK 1648296099 27fab83f70a2e91392c0f167cc9c51a4fb5b5dbc
31 START 1648296099 8544e1436c211c2fe64a6365155014f357a70c31
31 CHECK_OK 1648296423 3341be6be80a76815ccd3ca9b59dc87bdd64a03b
32 START 1648296424 3e191606393d7f9d06a2b277130aeff46e96c2bf
32 CHECK_OOPS 1648296617 ec0f8a767f047397319143b7331eaaa3205ce2e0
32 START 1648296618 56f488963740a846c7a023fb497778a2056d2b5e
32 CHECK_OOPS 1648296845 def96c1a06af73cae6f30a24506b9f1ce4e81219
32 START 1648296845 8b5aaaa6506a096512aa35acf488caa729f46508
32 CHECK_OOPS 1648296918 db4482147896b500989f420bceccbc74d7e6c18d
32 START 1648296919 4ef74b9483a479bff551e39b538a290da9c2e1ae
32 CHECK_OOPS 1648296967 00e59edefbfcb9fbf1547e5afd1ba23e05e197ca
32 START 1648296968 c613e5b860bc0544d9723dd4f74a085fee20bafc
32 CHECK_OOPS 1648297026 26ada5d7c39f20ef425af0d44bcf21a57a596598
32 START 1648297027 7e61260568f67345aeb059643310550bf988116c
32 CHECK_OK 1648297072 296ab11abdee97d9ae4de2ba3a96c3e6d106f985
33 START 1648297074 8db6b72400997a1a0a23d9fa3024c03131ee46b8
33 CHECK_OOPS 1648297089 6211e6e908af57be02acaa54a9d6acff1ebced2c
33 START 1648297091 350194ca1f6fbc3321b9dac5a0d6ff788bbc8d24
33 CHECK_OOPS 1648303822 be76d75e30acb32194adb4a6b2978233243c1d7c
33 START 1648303825 1ee922e24b8066ce6a80d98fc2a598c4986fbf6b
33 CHECK_OK 1648303836 79e675f1edd198daefc9e670ccce47f3ff5da8a0
34 START 1648303837 146d93435c9fdc838a6ed89af3a2f72f91fc8bcd
34 CHECK_OOPS 1648304740 ab95192ff982e73296f676b1d11af8cbdbca8a3a
34 START 1648304740 e76fd9bce74d2ebb892a8b9442da4226add1f766
34 CHECK_OOPS 1648304745 b1f594e1b9eb0aff4ee6be4af45ad304c6df32c9
34 START 1648304745 5ce1cb911785db5fee57655e8306c4527116f7c5
34 CHECK_OOPS 1648304765 6402b02b6788f348f92bafaf1d2feeab39388e8c
34 START 1648304765 bfffc27ee20bf164eb1122022835c860db01860b
34 CHECK_OOPS 1648304785 bcb30f3dbed72f82b3c77edfaa2632d328f8c222
34 START 1648304786 3878e7be79b4dfaee85b9a6230f681f8f5e86d21
34 CHECK_OOPS 1648304860 263ee2ed9cf3f2597ace48eae20b239e4417d812
34 START 1648304860 7b7d990cabaf6fcf85bfa881b42c8e944198a184
34 CHECK_OOPS 1648304879 ac3b31575b8a393feab350dc8dedcf5b48dce709
34 START 1648304880 c798841665d733e649fded0ac00cc7f050a2bde0
34 CHECK_OOPS 1648308354 2a6e7ce1e364cda5e6983f804ab29036ef6b8134
34 START 1648308354 ceed1c525f4d713928516dfa39ac097f0a48bd9c
34 CHECK_OOPS 1648308405 6a9be54ee5df9d4162afa701ff1ad626e72563b8
34 START 1648308405 069636520f3eea631ef40ae1d8dc0ad9c1e42479
34 CHECK_OOPS 1648308601 1e7e449e741e13faadfaa0a51f995e36705a57d2
34 START 1648308602 5170af6e69a8b9fda1893d28aa529d83374441aa
34 CHECK_OOPS 1648309403 c8c20a20e18891f73286f0efb3d6578724f5ac62
34 START 1648309403 e8358fb2926491389336d7a2d995fd0f42983f34
34 CHECK_OOPS 1648309562 44487cca8a803e94c016d5934b204a961e4cea45
34 START 1648309562 d085cd2fadc55e0ced5a7725ae745dfcbb9f538b
34 CHECK_OOPS 1648309614 daae5c6a31209956c39e47e89d91d5340e327641
34 START 1648309615 a2fbca2fc6feb703557a5d14b307132d410598df
34 CHECK_OOPS 1648309632 a59e0da24104bc05cb441a15d16068c33aa9fd5e
34 START 1648309632 abb96777c992eb1c7cc2295623d83da3e44b83b0
34 CHECK_OOPS 1648309902 43c5ab5be468429617f3c365f0403747ec654a7c
34 START 1648309903 34a0d0441c7f2431f76ccd88a49827157e98d4d5
34 CHECK_OK 1648309913 0bf7550d82ce6c5324b9b86ab933a3647e92f2e2
35 START 1648309913 9e780895c7a0f0a8221856264fe4894068794213
35 CHECK_OK 1648311965 e6128d47775c54ef28d7d15f3b4d2a6bf8856be4
36 START 1648311965 e4ba6060ec31cd09da294fdf409d8d2ab07bdbb4
36 CHECK_OOPS 1648312062 1a7d23a4482284ddfecd375287079cef225769ba
36 START 1648312063 26ae8af935fb4b0e1000efd22f1774aebd667358
36 CHECK_OK 1648312316 209e95c19827359a466bc7c9ecbbff996e7e2df9
37 START 1648312316 1abaacf27e10a648d11e0f1d7f411aaa16358db7
37 CHECK_OK 1648313165 ae0150e357fae056de84cbf6c3076299902483b4
38 START 1648313165 b7745bfab3124bd59ea9661f54cfca3c35ad3e75
38 EXIT 1648313254 6e41f2044b7319d4bb9358f5e564ffece119d492
#>>> 2022-03-26 18:49:21
38 START 1648316961 7f00df772a88dc4d63c2341d06244f24b61d3ed7
38 CHECK_OK 1648317133 880d2011e05cd9f45be4b0e27f0afcbe7a1bfdf5
39 START 1648317134 33c2f970a6e47e9d4183b5352a0c23ec95d053bf
39 CHECK_OK 1648317872 0bd75772a881d4a91ff80ae2f4d288687a39236b
40 START 1648317872 77e9d158aa366d9942d1ece8dff5b2ea5666d236
40 START 1648318437 178273b43f6a43bf105a20cc5eba76f652d487aa
40 START 1648318732 5559789cbd25a9cbb293c1519643422c9783a955
40 START 1648319318 e7c3411641a04b74b9c494837ca299c96d4ac347
40 START 1648319341 566b75bec4e4871107678f77de02f8c8ea8480e8
40 CHECK_OK 1648319439 25d6679ecbc24a1b7306b78497bbe4ea8ac43b5c
41 START 1648319439 5bb726c695dada615aaca4f113efeb9185ab1077
41 START 1648320539 47bf75eaf37df7aaa9dfcd90ac2859a50cd16750
41 CHECK_OOPS 1648320545 a2ecc8e462b50cd11291d8bc9eab8ef2e86923d2
41 START 1648320545 d9d0905104c8dc9e5faa7688cd3456d47f3ebbd8
41 START 1648320905 8a30f54c6e287482c33d838f15d01efe24650dfe
41 CHECK_OK 1648320917 bc5717e9026533069482a4b19c812e23cf82255e
42 START 1648320917 f59af5afd610583efe263b185824e328e4ca3d43
42 CHECK_OK 1648321908 b7c31bd02ffa859029171c6508ed699ff32b0b57
43 START 1648321908 879fe900d01abfc8abd1af657f5a075794cec24f
43 EXIT 1648322000 ab4f54f4dad4cdb9b88d848f02870c7ba2cc075c
#>>> 2022-03-26 21:16:38
43 START 1648325798 81377bd5289b60d22ae510c7bbf3ff9c855d68d7
43 CHECK_OOPS 1648325896 dbcf11fd61228bfaf6afaa66c0c9db05e5f664de
43 START 1648325896 8af4e488a00f67ac58b90e40eb44cc732f118cba
43 HUP 1648325975 eea3fa7ada5608a36abf80506af2355b703fc674
#>>> 2022-03-27 08:26:29
43 START 1648362390 e6e69f3f080d6945b0cd35ef4897fc3afc2de0d9
43 EXIT 1648362427 6944780884c520cc3ec1f1b63555c6f4a2ab32a5
#>>> 2022-03-27 08:29:03
43 START 1648362543 e4ee1bbfc4d9b1fa804744c9104019bed5e7000c
43 GOTO 1648362585 6f8680d6fc428f1357796ee9f055f5743e16a5da
35 START 1648362585 464aaae3afcea363fba7f9f6f1dd4918b3299745
35 CHECK_OK 1648362767 bfd36dfe5b4ad054f2f4b5cfeb14d7b62a052a18
36 START 1648362767 eab98f372654c5b84ff6f21f3891123b32214e2c
36 CHECK_OK 1648362811 b56bfdd3f68f3b34f3a369d06d9f21fca9875211
37 START 1648362811 543341291a00002f286a534f8b94264dc6f5573b
37 CHECK_OK 1648363323 ea5b3fe6544158e828f50cf0561062d5e56b4a30
38 START 1648363324 da262e9da985ab316b7ca3664136c3383d499bb4
38 EXIT 1648363335 b2205d9a7635a2a0dc40333527608dbc542b7aa4
#>>> 2022-03-27 10:49:00
38 START 1648370941 60a2790523fcc7825440cbdace4710ffaaab7b02
38 GOTO:AUTH_FAILURE 1648370977 56fbd2525fdddbabc9310dd45cfdbde916aa0bc2
38 CHECK_OK 1648371089 3577da401c1fe3e25ce8b02e99f5c15b98e45b5f
39 START 1648371090 6d1dc0c2cb56c99b9cca6137352e6152edea5613
39 GOTO 1648372255 f9b45b89f20fa54e706bf16ab0208c7b1c0420c3
38 START 1648372256 0a6da308413d84a4cffe1865aab6223461812dd9
38 CHECK_OK 1648372309 ed9eb591a882a1382cb67dccaff4e45aa3c067c7
39 START 1648372310 a94280f36c0eba634c28c276f7d4379ad884ae76
39 CHECK_OK 1648372351 33ac2762c17e23ed6376aaa07b91988f7fc75fdc
40 START 1648372352 49168d0d48c59dba22c396f12dbb700e753a65c8
40 CHECK_OOPS 1648372360 fba67787ace9fcd6aad13ab84a0799475246aff2
40 START 1648372360 ff0912722398954a63b4b7ccca87f8cab3c2da52
40 START 1648372511 d1ffb9dcce60c2675ac13b0d0e1e26ff62b4cace
40 CHECK_OK 1648372527 e660d2c284864378c7456439d94e47fac78a9c29
41 START 1648372527 8238784e886dbeb12b632a37a4c0eceeb32b93f3
41 CHECK_OOPS 1648372592 18a230afd527c92270b3ef93b195e9c4744e6387
41 START 1648372592 dac8ec7d683ed6453093cdf80139babb101624d6
41 CHECK_OOPS 1648372645 4440a14e91a2fd4474b1dd825e0c5ece9763c95b
41 START 1648372645 414d6e6a34288054dfb1c0f168ee871e96bc46d7
41 START 1648372704 a2c73623dc5a820443458e7dc90617b8982749bd
41 CHECK_OK 1648372712 8752ef1732e180f464e647df78f1ef7738b3637a
42 START 1648372713 8207612f3b27de04be20d5b6cc4c58520fc39b02
42 HARD_RESET 1648372953 45816d03daed588200abe05d1d9e49822ff0e7b8
42 START 1648372953 771d19511050d1cf65e2d96bc1eb75c53a6498bd
42 START 1648372961 f9defa114c32e54df6e0ceb048c3e94bdbaf651c
42 HARD_RESET 1648372990 fee592a525cfa56e42d42c3b240883632d48c674
42 START 1648372990 79479facd78d4f65c43b13148ae003166c530dcc
42 CHECK_OK 1648373044 393a06766f3c0d8da20eb61146d4cbb2b114f143
43 START 1648373044 6300fbec13cb4589d34f2da5a049fa9f7be516e1
43 GOTO:AUTH_FAILURE 1648373080 e02664a260067dfe88bbaf93a172603f3e585baf
43 EXIT 1648373084 234b0b65e24e1d8bb9194b0cd3a9eb500631410a
